Configuring oncotime-0.1.0.0...
Warning: The 'license-file' field refers to the file 'LICENSE' which does not
exist.
Building oncotime-0.1.0.0...
Preprocessing executable 'oncotime' for oncotime-0.1.0.0...

src/Main.hs:6:8:
    Could not find module ‘System.FilePath’
    It is a member of the hidden package ‘filepath-1.4.0.0@filep_Ey7a1in9roBAE8bUFJ5R9m’.
    Perhaps you need to add ‘filepath’ to the build-depends in your .cabal file.
    Use -v to see a list of the files searched for.

src/Main.hs:10:18:
    Could not find module ‘Data.Map’
    It is a member of the hidden package ‘containers-0.5.6.2@conta_2C3ZI8RgPO2LBMidXKTvIU’.
    Perhaps you need to add ‘containers’ to the build-depends in your .cabal file.
    Use -v to see a list of the files searched for.

src/Main.hs:13:8:
    Could not find module ‘Control.Monad.Error’
    It is a member of the hidden package ‘mtl-2.2.1@mtl_Aue4leSeVkpKLsfHIV51E8’.
    Perhaps you need to add ‘mtl’ to the build-depends in your .cabal file.
    Use -v to see a list of the files searched for.

src/Main.hs:14:8:
    Could not find module ‘Text.ParserCombinators.Parsec’
    Perhaps you meant
      Text.ParserCombinators.ReadPrec (from base-4.8.2.0)
      Text.ParserCombinators.ReadP (from base-4.8.2.0)
    Use -v to see a list of the files searched for.

src/Main.hs:15:8:
    Could not find module ‘Text.ParserCombinators.Parsec.Expr’
    Use -v to see a list of the files searched for.

src/Main.hs:16:8:
    Could not find module ‘Text.ParserCombinators.Parsec.Language’
    Use -v to see a list of the files searched for.

src/Main.hs:17:8:
    Could not find module ‘Text.ParserCombinators.Parsec.Char’
    Use -v to see a list of the files searched for.

src/Main.hs:18:18:
    Could not find module ‘Text.ParserCombinators.Parsec.Token’
    Use -v to see a list of the files searched for.
